  [1m[35m (0.1ms)[0m  [1m[34mSELECT sqlite_version(*)[0m
  ↳ /Users/kurt/.rvm/gems/ruby-2.3.3/bin/rake:23
  [1m[35m (1.5ms)[0m  [1m[35mCREATE TABLE "schema_migrations" ("version" varchar NOT NULL PRIMARY KEY)[0m
  ↳ /Users/kurt/.rvm/gems/ruby-2.3.3/bin/rake:23
  [1m[35m (1.5ms)[0m  [1m[35mCREATE TABLE "ar_internal_metadata" ("key" varchar NOT NULL PRIMARY KEY, "value" varchar, "created_at" datetime NOT NULL, "updated_at" datetime NOT NULL)[0m
  ↳ /Users/kurt/.rvm/gems/ruby-2.3.3/bin/rake:23
  [1m[35m (0.2ms)[0m  [1m[34mSELECT "schema_migrations"."version" FROM "schema_migrations" ORDER BY "schema_migrations"."version" ASC[0m
  ↳ /Users/kurt/.rvm/gems/ruby-2.3.3/bin/rake:23
Migrating to CreateUsers (20180709211911)
  [1m[35m (0.1ms)[0m  [1m[36mbegin transaction[0m
  ↳ /Users/kurt/.rvm/gems/ruby-2.3.3/bin/rake:23
  [1m[35m (0.7ms)[0m  [1m[35mCREATE TABLE "users" ("id" integer PRIMARY KEY AUTOINCREMENT NOT NULL, "name" varchar, "interest" varchar, "created_at" datetime NOT NULL, "updated_at" datetime NOT NULL)[0m
  ↳ db/migrate/20180709211911_create_users.rb:3
  [1m[36mActiveRecord::SchemaMigration Create (0.3ms)[0m  [1m[32mINSERT INTO "schema_migrations" ("version") VALUES (?)[0m  [["version", "20180709211911"]]
  ↳ /Users/kurt/.rvm/gems/ruby-2.3.3/bin/rake:23
  [1m[35m (1.0ms)[0m  [1m[36mcommit transaction[0m
  ↳ /Users/kurt/.rvm/gems/ruby-2.3.3/bin/rake:23
Migrating to CreateProjects (20180709212001)
  [1m[35m (0.3ms)[0m  [1m[36mbegin transaction[0m
  ↳ /Users/kurt/.rvm/gems/ruby-2.3.3/bin/rake:23
  [1m[35m (0.6ms)[0m  [1m[35mCREATE TABLE "projects" ("id" integer PRIMARY KEY AUTOINCREMENT NOT NULL, "name" varchar, "user_id" integer, "created_at" datetime NOT NULL, "updated_at" datetime NOT NULL, CONSTRAINT "fk_rails_b872a6760a"
FOREIGN KEY ("user_id")
  REFERENCES "users" ("id")
)[0m
  ↳ db/migrate/20180709212001_create_projects.rb:3
  [1m[35m (0.2ms)[0m  [1m[35mCREATE  INDEX "index_projects_on_user_id" ON "projects" ("user_id")[0m
  ↳ db/migrate/20180709212001_create_projects.rb:3
  [1m[36mActiveRecord::SchemaMigration Create (0.2ms)[0m  [1m[32mINSERT INTO "schema_migrations" ("version") VALUES (?)[0m  [["version", "20180709212001"]]
  ↳ /Users/kurt/.rvm/gems/ruby-2.3.3/bin/rake:23
  [1m[35m (1.2ms)[0m  [1m[36mcommit transaction[0m
  ↳ /Users/kurt/.rvm/gems/ruby-2.3.3/bin/rake:23
Migrating to CreateTechStacks (20180709212115)
  [1m[35m (0.1ms)[0m  [1m[36mbegin transaction[0m
  ↳ /Users/kurt/.rvm/gems/ruby-2.3.3/bin/rake:23
  [1m[35m (0.6ms)[0m  [1m[35mCREATE TABLE "tech_stacks" ("id" integer PRIMARY KEY AUTOINCREMENT NOT NULL, "project_id" integer, "created_at" datetime NOT NULL, "updated_at" datetime NOT NULL, CONSTRAINT "fk_rails_de218db4c1"
FOREIGN KEY ("project_id")
  REFERENCES "projects" ("id")
)[0m
  ↳ db/migrate/20180709212115_create_tech_stacks.rb:3
  [1m[35m (0.1ms)[0m  [1m[35mCREATE  INDEX "index_tech_stacks_on_project_id" ON "tech_stacks" ("project_id")[0m
  ↳ db/migrate/20180709212115_create_tech_stacks.rb:3
  [1m[36mActiveRecord::SchemaMigration Create (0.2ms)[0m  [1m[32mINSERT INTO "schema_migrations" ("version") VALUES (?)[0m  [["version", "20180709212115"]]
  ↳ /Users/kurt/.rvm/gems/ruby-2.3.3/bin/rake:23
  [1m[35m (1.2ms)[0m  [1m[36mcommit transaction[0m
  ↳ /Users/kurt/.rvm/gems/ruby-2.3.3/bin/rake:23
Migrating to CreateTechStackItems (20180709212321)
  [1m[35m (0.1ms)[0m  [1m[36mbegin transaction[0m
  ↳ /Users/kurt/.rvm/gems/ruby-2.3.3/bin/rake:23
  [1m[35m (0.5ms)[0m  [1m[35mCREATE TABLE "tech_stack_items" ("id" integer PRIMARY KEY AUTOINCREMENT NOT NULL, "tech_stack_id" integer, "tech_id" integer, "created_at" datetime NOT NULL, "updated_at" datetime NOT NULL, CONSTRAINT "fk_rails_cd39f0fd5b"
FOREIGN KEY ("tech_stack_id")
  REFERENCES "tech_stacks" ("id")
, CONSTRAINT "fk_rails_fc9157bd6f"
FOREIGN KEY ("tech_id")
  REFERENCES "techs" ("id")
)[0m
  ↳ db/migrate/20180709212321_create_tech_stack_items.rb:3
  [1m[35m (0.1ms)[0m  [1m[35mCREATE  INDEX "index_tech_stack_items_on_tech_stack_id" ON "tech_stack_items" ("tech_stack_id")[0m
  ↳ db/migrate/20180709212321_create_tech_stack_items.rb:3
  [1m[35m (0.2ms)[0m  [1m[35mCREATE  INDEX "index_tech_stack_items_on_tech_id" ON "tech_stack_items" ("tech_id")[0m
  ↳ db/migrate/20180709212321_create_tech_stack_items.rb:3
  [1m[36mActiveRecord::SchemaMigration Create (0.3ms)[0m  [1m[32mINSERT INTO "schema_migrations" ("version") VALUES (?)[0m  [["version", "20180709212321"]]
  ↳ /Users/kurt/.rvm/gems/ruby-2.3.3/bin/rake:23
  [1m[35m (1.2ms)[0m  [1m[36mcommit transaction[0m
  ↳ /Users/kurt/.rvm/gems/ruby-2.3.3/bin/rake:23
Migrating to CreateUserTechs (20180709213255)
  [1m[35m (0.1ms)[0m  [1m[36mbegin transaction[0m
  ↳ /Users/kurt/.rvm/gems/ruby-2.3.3/bin/rake:23
  [1m[35m (0.6ms)[0m  [1m[35mCREATE TABLE "user_techs" ("id" integer PRIMARY KEY AUTOINCREMENT NOT NULL, "user_id" integer, "tech_id" integer, "created_at" datetime NOT NULL, "updated_at" datetime NOT NULL, CONSTRAINT "fk_rails_014e033af8"
FOREIGN KEY ("user_id")
  REFERENCES "users" ("id")
, CONSTRAINT "fk_rails_6dece4835e"
FOREIGN KEY ("tech_id")
  REFERENCES "techs" ("id")
)[0m
  ↳ db/migrate/20180709213255_create_user_techs.rb:3
  [1m[35m (0.2ms)[0m  [1m[35mCREATE  INDEX "index_user_techs_on_user_id" ON "user_techs" ("user_id")[0m
  ↳ db/migrate/20180709213255_create_user_techs.rb:3
  [1m[35m (0.2ms)[0m  [1m[35mCREATE  INDEX "index_user_techs_on_tech_id" ON "user_techs" ("tech_id")[0m
  ↳ db/migrate/20180709213255_create_user_techs.rb:3
  [1m[36mActiveRecord::SchemaMigration Create (0.2ms)[0m  [1m[32mINSERT INTO "schema_migrations" ("version") VALUES (?)[0m  [["version", "20180709213255"]]
  ↳ /Users/kurt/.rvm/gems/ruby-2.3.3/bin/rake:23
  [1m[35m (1.1ms)[0m  [1m[36mcommit transaction[0m
  ↳ /Users/kurt/.rvm/gems/ruby-2.3.3/bin/rake:23
Migrating to CreateTechs (20180709213304)
  [1m[35m (0.1ms)[0m  [1m[36mbegin transaction[0m
  ↳ /Users/kurt/.rvm/gems/ruby-2.3.3/bin/rake:23
  [1m[35m (0.5ms)[0m  [1m[35mCREATE TABLE "techs" ("id" integer PRIMARY KEY AUTOINCREMENT NOT NULL, "name" varchar, "description" varchar, "category" varchar, "dependencies" varchar, "created_at" datetime NOT NULL, "updated_at" datetime NOT NULL)[0m
  ↳ db/migrate/20180709213304_create_techs.rb:3
  [1m[36mActiveRecord::SchemaMigration Create (0.2ms)[0m  [1m[32mINSERT INTO "schema_migrations" ("version") VALUES (?)[0m  [["version", "20180709213304"]]
  ↳ /Users/kurt/.rvm/gems/ruby-2.3.3/bin/rake:23
  [1m[35m (0.9ms)[0m  [1m[36mcommit transaction[0m
  ↳ /Users/kurt/.rvm/gems/ruby-2.3.3/bin/rake:23
  [1m[36mActiveRecord::InternalMetadata Load (0.2ms)[0m  [1m[34mSELECT  "ar_internal_metadata".* FROM "ar_internal_metadata" WHERE "ar_internal_metadata"."key" = ? LIMIT ?[0m  [["key", "environment"], ["LIMIT", 1]]
  ↳ /Users/kurt/.rvm/gems/ruby-2.3.3/bin/rake:23
  [1m[35m (0.1ms)[0m  [1m[36mbegin transaction[0m
  ↳ /Users/kurt/.rvm/gems/ruby-2.3.3/bin/rake:23
  [1m[36mActiveRecord::InternalMetadata Create (0.4ms)[0m  [1m[32mINSERT INTO "ar_internal_metadata" ("key", "value", "created_at", "updated_at") VALUES (?, ?, ?, ?)[0m  [["key", "environment"], ["value", "development"], ["created_at", "2018-07-09 21:51:42.052084"], ["updated_at", "2018-07-09 21:51:42.052084"]]
  ↳ /Users/kurt/.rvm/gems/ruby-2.3.3/bin/rake:23
  [1m[35m (0.7ms)[0m  [1m[36mcommit transaction[0m
  ↳ /Users/kurt/.rvm/gems/ruby-2.3.3/bin/rake:23
  [1m[35m (0.3ms)[0m  [1m[34mSELECT "schema_migrations"."version" FROM "schema_migrations" ORDER BY "schema_migrations"."version" ASC[0m
  ↳ /Users/kurt/.rvm/gems/ruby-2.3.3/bin/rake:23
